# JRE version: OpenJDK Runtime Environment Temurin-21.0.8+9 (21.0.8+9) (build 21.0.8+9-LTS)
# Java VM: OpenJDK 64-Bit Server VM Temurin-21.0.8+9 (21.0.8+9-LTS, mixed mode, sharing, tiered, compressed oops, compressed class ptrs, g1 gc, windows-amd64)
GC Precious Log:
 CardTable entry size: 512
 Card Set container configuration: InlinePtr #cards 4 size 8 Array Of Cards #cards 64 size 144 Howl #buckets 8 coarsen threshold 14745 Howl Bitmap #cards 2048 size 272 coarsen threshold 1843 Card regions per heap region 1 cards per card region 16384
 CPUs: 16 total, 16 available
 Memory: 64302M
 Large Page Support: Disabled
 NUMA Support: Disabled
 Compressed Oops: Enabled (Zero based)
 Heap Region Size: 8M
 Heap Min Capacity: 8M
 Heap Initial Capacity: 1008M
 Heap Max Capacity: 16080M
 Pre-touch: Disabled
 Parallel Workers: 13
 Concurrent Workers: 3
 Concurrent Refinement Workers: 13
 Periodic GC: Disabled
Heap:
 garbage-first heap   total 573440K, used 216762K [0x0000000413000000, 0x0000000800000000)
  region size 8192K, 24 young (196608K), 1 survivors (8192K)
 Metaspace       used 41503K, committed 42048K, reserved 1114112K
  class space    used 4845K, committed 5056K, reserved 1048576K
GC Heap History (18 events):
Event: 0.886 GC heap before
{Heap before GC invocations=0 (full 0):
 garbage-first heap   total 1032192K, used 49152K [0x0000000413000000, 0x0000000800000000)
  region size 8192K, 6 young (49152K), 0 survivors (0K)
 Metaspace       used 7752K, committed 7936K, reserved 1114112K
  class space    used 915K, committed 1024K, reserved 1048576K
}
Event: 0.890 GC heap after
{Heap after GC invocations=1 (full 0):
 garbage-first heap   total 1032192K, used 4609K [0x0000000413000000, 0x0000000800000000)
  region size 8192K, 1 young (8192K), 1 survivors (8192K)
 Metaspace       used 7752K, committed 7936K, reserved 1114112K
  class space    used 915K, committed 1024K, reserved 1048576K
}
Event: 1.644 GC heap before
{Heap before GC invocations=1 (full 0):
 garbage-first heap   total 1032192K, used 45569K [0x0000000413000000, 0x0000000800000000)
  region size 8192K, 6 young (49152K), 1 survivors (8192K)
 Metaspace       used 15548K, committed 15808K, reserved 1114112K
  class space    used 1875K, committed 1984K, reserved 1048576K
}
Event: 1.648 GC heap after
{Heap after GC invocations=2 (full 0):
 garbage-first heap   total 1032192K, used 8458K [0x0000000413000000, 0x0000000800000000)
  region size 8192K, 1 young (8192K), 1 survivors (8192K)
 Metaspace       used 15548K, committed 15808K, reserved 1114112K
  class space    used 1875K, committed 1984K, reserved 1048576K
}
Event: 3.219 GC heap before
{Heap before GC invocations=2 (full 0):
 garbage-first heap   total 1032192K, used 73994K [0x0000000413000000, 0x0000000800000000)
  region size 8192K, 10 young (81920K), 1 survivors (8192K)
 Metaspace       used 21213K, committed 21504K, reserved 1114112K
  class space    used 2536K, committed 2688K, reserved 1048576K
}
Event: 3.224 GC heap after
{Heap after GC invocations=3 (full 0):
 garbage-first heap   total 1032192K, used 13608K [0x0000000413000000, 0x0000000800000000)
  region size 8192K, 2 young (16384K), 2 survivors (16384K)
 Metaspace       used 21213K, committed 21504K, reserved 1114112K
  class space    used 2536K, committed 2688K, reserved 1048576K
}
Event: 3.961 GC heap before
{Heap before GC invocations=4 (full 0):
 garbage-first heap   total 81920K, used 70952K [0x0000000413000000, 0x0000000800000000)
  region size 8192K, 9 young (73728K), 2 survivors (16384K)
 Metaspace       used 27332K, committed 27712K, reserved 1114112K
  class space    used 3159K, committed 3328K, reserved 1048576K
}
Event: 3.972 GC heap after
{Heap after GC invocations=5 (full 0):
 garbage-first heap   total 106496K, used 23463K [0x0000000413000000, 0x0000000800000000)
  region size 8192K, 3 young (24576K), 3 survivors (24576K)
 Metaspace       used 27332K, committed 27712K, reserved 1114112K
  class space    used 3159K, committed 3328K, reserved 1048576K
}
Event: 4.803 GC heap before
{Heap before GC invocations=5 (full 0):
 garbage-first heap   total 106496K, used 56231K [0x0000000413000000, 0x0000000800000000)
  region size 8192K, 7 young (57344K), 3 survivors (24576K)
 Metaspace       used 30006K, committed 30464K, reserved 1114112K
  class space    used 3453K, committed 3648K, reserved 1048576K
}
Event: 4.823 GC heap after
{Heap after GC invocations=6 (full 0):
 garbage-first heap   total 106496K, used 26089K [0x0000000413000000, 0x0000000800000000)
  region size 8192K, 1 young (8192K), 1 survivors (8192K)
 Metaspace       used 30006K, committed 30464K, reserved 1114112K
  class space    used 3453K, committed 3648K, reserved 1048576K
}
Event: 6.478 GC heap before
{Heap before GC invocations=6 (full 0):
 garbage-first heap   total 106496K, used 75241K [0x0000000413000000, 0x0000000800000000)
  region size 8192K, 7 young (57344K), 1 survivors (8192K)
 Metaspace       used 30872K, committed 31360K, reserved 1114112K
  class space    used 3508K, committed 3712K, reserved 1048576K
}
Event: 6.485 GC heap after
{Heap after GC invocations=7 (full 0):
 garbage-first heap   total 106496K, used 26194K [0x0000000413000000, 0x0000000800000000)
  region size 8192K, 1 young (8192K), 1 survivors (8192K)
 Metaspace       used 30872K, committed 31360K, reserved 1114112K
  class space    used 3508K, committed 3712K, reserved 1048576K
}
Event: 7.176 GC heap before
{Heap before GC invocations=7 (full 0):
 garbage-first heap   total 106496K, used 58962K [0x0000000413000000, 0x0000000800000000)
  region size 8192K, 7 young (57344K), 1 survivors (8192K)
 Metaspace       used 35966K, committed 36416K, reserved 1114112K
  class space    used 4117K, committed 4288K, reserved 1048576K
}
Event: 7.186 GC heap after
{Heap after GC invocations=8 (full 0):
 garbage-first heap   total 106496K, used 30930K [0x0000000413000000, 0x0000000800000000)
  region size 8192K, 1 young (8192K), 1 survivors (8192K)
 Metaspace       used 35966K, committed 36416K, reserved 1114112K
  class space    used 4117K, committed 4288K, reserved 1048576K
}
Event: 7.667 GC heap before
{Heap before GC invocations=9 (full 0):
 garbage-first heap   total 106496K, used 71890K [0x0000000413000000, 0x0000000800000000)
  region size 8192K, 7 young (57344K), 1 survivors (8192K)
 Metaspace       used 39526K, committed 40064K, reserved 1114112K
  class space    used 4690K, committed 4928K, reserved 1048576K
}
Event: 7.681 GC heap after
{Heap after GC invocations=10 (full 0):
 garbage-first heap   total 106496K, used 34845K [0x0000000413000000, 0x0000000800000000)
  region size 8192K, 1 young (8192K), 1 survivors (8192K)
 Metaspace       used 39526K, committed 40064K, reserved 1114112K
  class space    used 4690K, committed 4928K, reserved 1048576K
}
Event: 7.822 GC heap before
{Heap before GC invocations=10 (full 0):
 garbage-first heap   total 106496K, used 83997K [0x0000000413000000, 0x0000000800000000)
  region size 8192K, 7 young (57344K), 1 survivors (8192K)
 Metaspace       used 39906K, committed 40384K, reserved 1114112K
  class space    used 4722K, committed 4928K, reserved 1048576K
}
Event: 7.835 GC heap after
{Heap after GC invocations=11 (full 0):
 garbage-first heap   total 573440K, used 36538K [0x0000000413000000, 0x0000000800000000)
  region size 8192K, 1 young (8192K), 1 survivors (8192K)
 Metaspace       used 39906K, committed 40384K, reserved 1114112K
  class space    used 4722K, committed 4928K, reserved 1048576K
}

