# JRE version: OpenJDK Runtime Environment Temurin-11.0.27+6 (11.0.27+6) (build 11.0.27+6)
# Java VM: OpenJDK 64-Bit Server VM Temurin-11.0.27+6 (11.0.27+6, mixed mode, tiered, compressed oops, g1 gc, windows-amd64)
Heap:
 garbage-first heap   total 1032192K, used 79925K [0x0000000413400000, 0x0000000800000000)
  region size 4096K, 19 young (77824K), 2 survivors (8192K)
 Metaspace       used 34782K, capacity 35676K, committed 35708K, reserved 1081344K
  class space    used 3751K, capacity 4091K, committed 4096K, reserved 1048576K
GC Heap History (6 events):
Event: 1.154 GC heap before
{Heap before GC invocations=0 (full 0):
 garbage-first heap   total 1032192K, used 49152K [0x0000000413400000, 0x0000000800000000)
  region size 4096K, 12 young (49152K), 0 survivors (0K)
 Metaspace       used 14569K, capacity 14796K, committed 14976K, reserved 1062912K
  class space    used 1490K, capacity 1591K, committed 1664K, reserved 1048576K
}
Event: 1.160 GC heap after
{Heap after GC invocations=1 (full 0):
 garbage-first heap   total 1032192K, used 4055K [0x0000000413400000, 0x0000000800000000)
  region size 4096K, 1 young (4096K), 1 survivors (4096K)
 Metaspace       used 14569K, capacity 14796K, committed 14976K, reserved 1062912K
  class space    used 1490K, capacity 1591K, committed 1664K, reserved 1048576K
}
Event: 2.126 GC heap before
{Heap before GC invocations=1 (full 0):
 garbage-first heap   total 1032192K, used 57303K [0x0000000413400000, 0x0000000800000000)
  region size 4096K, 15 young (61440K), 1 survivors (4096K)
 Metaspace       used 20806K, capacity 21141K, committed 21296K, reserved 1069056K
  class space    used 2278K, capacity 2402K, committed 2432K, reserved 1048576K
}
Event: 2.138 GC heap after
{Heap after GC invocations=2 (full 0):
 garbage-first heap   total 1032192K, used 6586K [0x0000000413400000, 0x0000000800000000)
  region size 4096K, 2 young (8192K), 2 survivors (8192K)
 Metaspace       used 20806K, capacity 21141K, committed 21296K, reserved 1069056K
  class space    used 2278K, capacity 2402K, committed 2432K, reserved 1048576K
}
Event: 3.862 GC heap before
{Heap before GC invocations=3 (full 0):
 garbage-first heap   total 1032192K, used 72122K [0x0000000413400000, 0x0000000800000000)
  region size 4096K, 18 young (73728K), 2 survivors (8192K)
 Metaspace       used 26242K, capacity 26892K, committed 27056K, reserved 1073152K
  class space    used 2808K, capacity 3063K, committed 3072K, reserved 1048576K
}
Event: 3.870 GC heap after
{Heap after GC invocations=4 (full 0):
 garbage-first heap   total 1032192K, used 11272K [0x0000000413400000, 0x0000000800000000)
  region size 4096K, 2 young (8192K), 2 survivors (8192K)
 Metaspace       used 26242K, capacity 26892K, committed 27056K, reserved 1073152K
  class space    used 2808K, capacity 3063K, committed 3072K, reserved 1048576K
}

